{"numTotalTestSuites":14,"numPassedTestSuites":10,"numFailedTestSuites":4,"numPendingTestSuites":0,"numTotalTests":10,"numPassedTests":8,"numFailedTests":2,"numPendingTests":0,"numTodoTests":0,"snapshot":{"added":0,"failure":false,"filesAdded":0,"filesRemoved":0,"filesRemovedList":[],"filesUnmatched":0,"filesUpdated":0,"matched":0,"total":0,"unchecked":0,"uncheckedKeysByFile":[],"unmatched":0,"updated":0,"didUpdate":false},"startTime":1758915896387,"success":false,"testResults":[{"assertionResults":[{"ancestorTitles":["/api/clarify/answer"],"fullName":"/api/clarify/answer upserts answers and increases completeness","status":"passed","title":"upserts answers and increases completeness","duration":4.350625000000036,"failureMessages":[],"meta":{}}],"startTime":1758915896873,"endTime":1758915896877.3506,"status":"passed","message":"","name":"/Users/rahulvijayan/Query/convexia-query/tests/api/clarify.answer.test.ts"},{"assertionResults":[{"ancestorTitles":["/api/clarify/finalize"],"fullName":"/api/clarify/finalize builds filters JSON and records finalized event","status":"passed","title":"builds filters JSON and records finalized event","duration":5.533082999999976,"failureMessages":[],"meta":{}}],"startTime":1758915896879,"endTime":1758915896884.5332,"status":"passed","message":"","name":"/Users/rahulvijayan/Query/convexia-query/tests/api/clarify.finalize.test.ts"},{"assertionResults":[{"ancestorTitles":["clarify.smoke (real LLM)"],"fullName":"clarify.smoke (real LLM) asks real questions, accepts answers, and finalizes","status":"failed","title":"asks real questions, accepts answers, and finalizes","duration":30007.821708,"failureMessages":["Error: Test timed out in 30000ms.\nIf this is a long-running test, pass a timeout value as the last argument or configure it globally with \"testTimeout\".\n    at Timeout.<anonymous> (file:///Users/rahulvijayan/Query/convexia-query/node_modules/.pnpm/@vitest+runner@2.1.9/node_modules/@vitest/runner/dist/index.js:44:18)\n    at listOnTimeout (node:internal/timers:608:17)\n    at processTimers (node:internal/timers:543:7)"],"meta":{}}],"startTime":1758915896920,"endTime":1758915926927.8218,"status":"failed","message":"","name":"/Users/rahulvijayan/Query/convexia-query/tests/api/clarify.smoke.test.ts"},{"assertionResults":[{"ancestorTitles":["/api/clarify/start"],"fullName":"/api/clarify/start creates session and questions for ambiguous prompt synchronously","status":"passed","title":"creates session and questions for ambiguous prompt synchronously","duration":5.830249999999978,"failureMessages":[],"meta":{}}],"startTime":1758915896869,"endTime":1758915896874.8303,"status":"passed","message":"","name":"/Users/rahulvijayan/Query/convexia-query/tests/api/clarify.start.test.ts"},{"assertionResults":[{"ancestorTitles":["feedback API"],"fullName":"feedback API reject requires reason + ≥20 chars","status":"passed","title":"reject requires reason + ≥20 chars","duration":274.40737499999994,"failureMessages":[],"meta":{}},{"ancestorTitles":["feedback API"],"fullName":"feedback API accept returns OK","status":"passed","title":"accept returns OK","duration":396.17504199999996,"failureMessages":[],"meta":{}}],"startTime":1758915896832,"endTime":1758915897503.175,"status":"passed","message":"","name":"/Users/rahulvijayan/Query/convexia-query/tests/api/feedback.test.ts"},{"assertionResults":[{"ancestorTitles":["resume API"],"fullName":"resume API handles unknown sessionId gracefully","status":"passed","title":"handles unknown sessionId gracefully","duration":493.7379169999999,"failureMessages":[],"meta":{}},{"ancestorTitles":["resume API"],"fullName":"resume API answers endpoint accepts answers","status":"passed","title":"answers endpoint accepts answers","duration":297.489417,"failureMessages":[],"meta":{}}],"startTime":1758915896832,"endTime":1758915897623.4895,"status":"passed","message":"","name":"/Users/rahulvijayan/Query/convexia-query/tests/api/resume.test.ts"},{"assertionResults":[{"ancestorTitles":["stream API"],"fullName":"stream API POST returns { sessionId, sseUrl }","status":"passed","title":"POST returns { sessionId, sseUrl }","duration":493.16249999999997,"failureMessages":[],"meta":{}},{"ancestorTitles":["stream API"],"fullName":"stream API GET sseUrl yields clarifying_questions and thesis_draft (within window)","status":"failed","title":"GET sseUrl yields clarifying_questions and thesis_draft (within window)","duration":511.39808299999993,"failureMessages":["AssertionError: expected '{\"error\":\"session not found\"}' to contain '\"type\":\"clarifying_questions\"'\n    at /Users/rahulvijayan/Query/convexia-query/tests/api/stream.test.ts:32:17\n    at processTicksAndRejections (node:internal/process/task_queues:105:5)\n    at file:///Users/rahulvijayan/Query/convexia-query/node_modules/.pnpm/@vitest+runner@2.1.9/node_modules/@vitest/runner/dist/index.js:533:5\n    at runTest (file:///Users/rahulvijayan/Query/convexia-query/node_modules/.pnpm/@vitest+runner@2.1.9/node_modules/@vitest/runner/dist/index.js:1056:11)\n    at runSuite (file:///Users/rahulvijayan/Query/convexia-query/node_modules/.pnpm/@vitest+runner@2.1.9/node_modules/@vitest/runner/dist/index.js:1205:15)\n    at runSuite (file:///Users/rahulvijayan/Query/convexia-query/node_modules/.pnpm/@vitest+runner@2.1.9/node_modules/@vitest/runner/dist/index.js:1205:15)\n    at runFiles (file:///Users/rahulvijayan/Query/convexia-query/node_modules/.pnpm/@vitest+runner@2.1.9/node_modules/@vitest/runner/dist/index.js:1262:5)\n    at startTests (file:///Users/rahulvijayan/Query/convexia-query/node_modules/.pnpm/@vitest+runner@2.1.9/node_modules/@vitest/runner/dist/index.js:1271:3)\n    at file:///Users/rahulvijayan/Query/convexia-query/node_modules/.pnpm/vitest@2.1.9_@types+node@22.0.0_jsdom@26.1.0_lightningcss@1.30.1/node_modules/vitest/dist/chunks/runBaseTests.3qpJUEJM.js:126:11\n    at withEnv (file:///Users/rahulvijayan/Query/convexia-query/node_modules/.pnpm/vitest@2.1.9_@types+node@22.0.0_jsdom@26.1.0_lightningcss@1.30.1/node_modules/vitest/dist/chunks/runBaseTests.3qpJUEJM.js:90:5)"],"meta":{}}],"startTime":1758915896832,"endTime":1758915897837.3982,"status":"failed","message":"","name":"/Users/rahulvijayan/Query/convexia-query/tests/api/stream.test.ts"}]}